v ATLAS
# This file was created by ATLAS version 5.19.20.R on Sat Oct 06 20:16:09 2018.
#SSF 2.0 generic
##############################################################################
#                    Copyright (c) 1984 - 2013                               #
#                    Silvaco Inc. All rights reserved                        #
#                                                                            #
# This file format and the following Key are copyright Silvaco Inc.          #
# You may not use, this format or key without reproducing this message in    #
# full and obtaining express written permission from Silvaco Inc.            #
#                                                                            #
# To obtain such permission please contact: Silvaco Inc.                     #
#                                           support@silvaco.com              #
#                                                                            #
# KEY=SVC86hn7562asdx                       PROD=345                         #
##############################################################################
y 1 15
z 300
f 2 "anode" "cathode" 
p 6 2 601 20 3 602 21 
d 5.000000000e-002 5.000000000e-002 2.682949394e-014 0.000000000e+000 0.000000000e+000 -6.015913912e-014 
d 1.000000000e-001 1.000000000e-001 1.032066856e-013 0.000000000e+000 0.000000000e+000 -1.334924894e-013 
d 1.500000000e-001 1.500000000e-001 6.550259256e-013 0.000000000e+000 0.000000000e+000 -1.295072035e-012 
d 2.000000000e-001 2.000000000e-001 1.266195261e-011 0.000000000e+000 0.000000000e+000 -1.266199029e-011 
d 2.500000000e-001 2.500000000e-001 7.483282226e-011 0.000000000e+000 0.000000000e+000 -7.483269504e-011 
d 3.000000000e-001 3.000000000e-001 4.365989716e-010 0.000000000e+000 0.000000000e+000 -4.366017218e-010 
d 3.500000000e-001 3.500000000e-001 2.452156257e-009 0.000000000e+000 0.000000000e+000 -2.452152887e-009 
d 4.000000000e-001 4.000000000e-001 1.242489226e-008 0.000000000e+000 0.000000000e+000 -1.242489482e-008 
d 4.500000000e-001 4.500000000e-001 5.227613786e-008 0.000000000e+000 0.000000000e+000 -5.227615649e-008 
d 5.000000000e-001 5.000000000e-001 1.808919318e-007 0.000000000e+000 0.000000000e+000 -1.808917673e-007 
d 5.500000000e-001 5.500000000e-001 5.470819560e-007 0.000000000e+000 0.000000000e+000 -5.470817469e-007 
d 6.000000000e-001 6.000000000e-001 1.531484319e-006 0.000000000e+000 0.000000000e+000 -1.531482766e-006 
d 6.500000000e-001 6.500000000e-001 4.090193162e-006 0.000000000e+000 0.000000000e+000 -4.090188370e-006 
d 7.000000000e-001 7.000000000e-001 1.038726617e-005 0.000000000e+000 0.000000000e+000 -1.038726057e-005 
d 7.500000000e-001 7.500000000e-001 2.354753766e-005 0.000000000e+000 0.000000000e+000 -2.354753335e-005 
d 8.000000000e-001 8.000000000e-001 4.216249115e-005 0.000000000e+000 0.000000000e+000 -4.216259810e-005 
d 8.500000000e-001 8.500000000e-001 5.759493893e-005 0.000000000e+000 0.000000000e+000 -5.759493893e-005 
d 9.000000000e-001 9.000000000e-001 6.717289402e-005 0.000000000e+000 0.000000000e+000 -6.717289402e-005 
d 9.500000000e-001 9.500000000e-001 7.373769263e-005 0.000000000e+000 0.000000000e+000 -7.373769263e-005 
d 1.000000000e+000 1.000000000e+000 7.903767114e-005 0.000000000e+000 0.000000000e+000 -7.903767114e-005 
